2025-11-24 16:56:13,471 - INFO - Starting pipeline on 17 image pairs...
2025-11-24 16:56:13,472 - INFO - Using 4 CPU cores.
2025-11-24 16:57:23,785 - INFO - --- Processing Summary ---
2025-11-24 16:57:23,785 - WARNING - [SKIP] Missing Thermal: DJI_20250530121639_0003
2025-11-24 16:57:23,786 - WARNING - [SKIP] Missing Thermal: DJI_20250530121912_0007
2025-11-24 16:57:23,786 - WARNING - [SKIP] Missing Thermal: DJI_20250530121929_0008
2025-11-24 16:57:23,787 - WARNING - [SKIP] Missing Thermal: DJI_20250530121953_0009
2025-11-24 16:57:23,787 - WARNING - [SKIP] Missing Thermal: DJI_20250530122013_0010
2025-11-24 16:57:23,788 - WARNING - [SKIP] Missing Thermal: DJI_20250530122506_0001
2025-11-24 16:57:23,788 - WARNING - [SKIP] Missing Thermal: DJI_20250530122529_0002
2025-11-24 16:57:23,788 - WARNING - [SKIP] Missing Thermal: DJI_20250530123003_0002
2025-11-24 16:57:23,789 - INFO - Output saved to: C:\Users\vipin\Downloads\task_1_pro_output
2025-11-24 17:06:32,388 - INFO - Starting pipeline on 17 image pairs...
2025-11-24 17:06:32,390 - INFO - Using 4 CPU cores.
2025-11-24 17:07:48,724 - INFO - --- Processing Summary ---
2025-11-24 17:07:48,724 - WARNING - [SKIP] Missing Thermal: DJI_20250530121639_0003
2025-11-24 17:07:48,727 - WARNING - [SKIP] Missing Thermal: DJI_20250530121912_0007
2025-11-24 17:07:48,728 - WARNING - [SKIP] Missing Thermal: DJI_20250530121929_0008
2025-11-24 17:07:48,728 - WARNING - [SKIP] Missing Thermal: DJI_20250530121953_0009
2025-11-24 17:07:48,729 - WARNING - [SKIP] Missing Thermal: DJI_20250530122013_0010
2025-11-24 17:07:48,730 - WARNING - [SKIP] Missing Thermal: DJI_20250530122506_0001
2025-11-24 17:07:48,732 - WARNING - [SKIP] Missing Thermal: DJI_20250530122529_0002
2025-11-24 17:07:48,732 - WARNING - [SKIP] Missing Thermal: DJI_20250530123003_0002
2025-11-24 17:07:48,733 - INFO - Output saved to: C:\Users\vipin\Downloads\ProductizeTech - AI Fulltime Assignment-20251122T062524Z-1-001\ProductizeTech - AI Fulltime Assignment\Task 1 - RGB Thermal Overlay Algorithm\task_1_output
